[0.711s] Invoking command in '/home/sumit/DroneShow/ds_ws/src/DroneShow': PYTHONPATH=/home/sumit/DroneShow/ds_ws/install/DroneShow/lib/python3.8/site-packages: /usr/bin/python3 setup.py egg_info --egg-base ../../build/DroneShow build --build-base /home/sumit/DroneShow/ds_ws/build/DroneShow/build install --prefix /home/sumit/DroneShow/ds_ws/install/DroneShow --record /home/sumit/DroneShow/ds_ws/build/DroneShow/install.log --single-version-externally-managed
[1.313s] running egg_info
[1.314s] creating ../../build/DroneShow/DroneShow.egg-info
[1.315s] writing ../../build/DroneShow/DroneShow.egg-info/PKG-INFO
[1.315s] writing dependency_links to ../../build/DroneShow/DroneShow.egg-info/dependency_links.txt
[1.316s] writing entry points to ../../build/DroneShow/DroneShow.egg-info/entry_points.txt
[1.316s] writing requirements to ../../build/DroneShow/DroneShow.egg-info/requires.txt
[1.317s] writing top-level names to ../../build/DroneShow/DroneShow.egg-info/top_level.txt
[1.364s] writing manifest file '../../build/DroneShow/DroneShow.egg-info/SOURCES.txt'
[1.545s] reading manifest file '../../build/DroneShow/DroneShow.egg-info/SOURCES.txt'
[1.547s] writing manifest file '../../build/DroneShow/DroneShow.egg-info/SOURCES.txt'
[1.547s] running build
[1.548s] running build_py
[1.548s] creating /home/sumit/DroneShow/ds_ws/build/DroneShow/build
[1.548s] creating /home/sumit/DroneShow/ds_ws/build/DroneShow/build/lib
[1.548s] creating /home/sumit/DroneShow/ds_ws/build/DroneShow/build/lib/DroneShow
[1.549s] copying DroneShow/__init__.py -> /home/sumit/DroneShow/ds_ws/build/DroneShow/build/lib/DroneShow
[1.549s] copying DroneShow/DroneShow.py -> /home/sumit/DroneShow/ds_ws/build/DroneShow/build/lib/DroneShow
[1.549s] running install
[1.550s] running install_lib
[1.553s] creating /home/sumit/DroneShow/ds_ws/install/DroneShow/lib/python3.8/site-packages/DroneShow
[1.553s] copying /home/sumit/DroneShow/ds_ws/build/DroneShow/build/lib/DroneShow/__init__.py -> /home/sumit/DroneShow/ds_ws/install/DroneShow/lib/python3.8/site-packages/DroneShow
[1.553s] copying /home/sumit/DroneShow/ds_ws/build/DroneShow/build/lib/DroneShow/DroneShow.py -> /home/sumit/DroneShow/ds_ws/install/DroneShow/lib/python3.8/site-packages/DroneShow
[1.554s] byte-compiling /home/sumit/DroneShow/ds_ws/install/DroneShow/lib/python3.8/site-packages/DroneShow/__init__.py to __init__.cpython-38.pyc
[1.556s] byte-compiling /home/sumit/DroneShow/ds_ws/install/DroneShow/lib/python3.8/site-packages/DroneShow/DroneShow.py to DroneShow.cpython-38.pyc
[1.557s] running install_data
[1.558s] creating /home/sumit/DroneShow/ds_ws/install/DroneShow/share/ament_index
[1.559s] creating /home/sumit/DroneShow/ds_ws/install/DroneShow/share/ament_index/resource_index
[1.559s] creating /home/sumit/DroneShow/ds_ws/install/DroneShow/share/ament_index/resource_index/packages
[1.559s] copying resource/DroneShow -> /home/sumit/DroneShow/ds_ws/install/DroneShow/share/ament_index/resource_index/packages
[1.559s] copying package.xml -> /home/sumit/DroneShow/ds_ws/install/DroneShow/share/DroneShow
[1.560s] running install_egg_info
[1.578s] Copying ../../build/DroneShow/DroneShow.egg-info to /home/sumit/DroneShow/ds_ws/install/DroneShow/lib/python3.8/site-packages/DroneShow-0.0.0-py3.8.egg-info
[1.580s] running install_scripts
[1.657s] Installing DroneShow script to /home/sumit/DroneShow/ds_ws/install/DroneShow/lib/DroneShow
[1.658s] writing list of installed files to '/home/sumit/DroneShow/ds_ws/build/DroneShow/install.log'
[1.697s] Invoked command in '/home/sumit/DroneShow/ds_ws/src/DroneShow' returned '0': PYTHONPATH=/home/sumit/DroneShow/ds_ws/install/DroneShow/lib/python3.8/site-packages: /usr/bin/python3 setup.py egg_info --egg-base ../../build/DroneShow build --build-base /home/sumit/DroneShow/ds_ws/build/DroneShow/build install --prefix /home/sumit/DroneShow/ds_ws/install/DroneShow --record /home/sumit/DroneShow/ds_ws/build/DroneShow/install.log --single-version-externally-managed
