[1.984s] DEBUG:colcon:Command line arguments: ['/usr/bin/colcon', 'build']
[1.984s] DEBUG:colcon:Parsed command line arguments: Namespace(ament_cmake_args=None, base_paths=['.'], build_base='build', catkin_cmake_args=None, catkin_skip_building_tests=False, cmake_args=None, cmake_clean_cache=False, cmake_clean_first=False, cmake_force_configure=False, cmake_target=None, cmake_target_skip_unavailable=False, continue_on_error=False, event_handlers=None, executor='parallel', ignore_user_meta=False, install_base='install', log_base=None, log_level=None, main=<bound method BuildVerb.main of <colcon_core.verb.build.BuildVerb object at 0x7f98d1a76dc0>>, merge_install=False, metas=['./colcon.meta'], packages_above=None, packages_above_and_dependencies=None, packages_above_depth=None, packages_end=None, packages_ignore=None, packages_ignore_regex=None, packages_select=None, packages_select_build_failed=False, packages_select_by_dep=None, packages_select_regex=None, packages_select_test_failures=False, packages_skip=None, packages_skip_build_finished=False, packages_skip_by_dep=None, packages_skip_regex=None, packages_skip_test_passed=False, packages_skip_up_to=None, packages_start=None, packages_up_to=None, packages_up_to_regex=None, parallel_workers=4, paths=None, symlink_install=False, test_result_base=None, verb_extension=<colcon_core.verb.build.BuildVerb object at 0x7f98d1a76dc0>, verb_name='build', verb_parser=<colcon_defaults.argument_parser.defaults.DefaultArgumentsDecorator object at 0x7f98d1a54370>)
[2.174s] Level 1:colcon.colcon_core.package_discovery:discover_packages(colcon_meta) check parameters
[2.175s] Level 1:colcon.colcon_core.package_discovery:discover_packages(recursive) check parameters
[2.175s] Level 1:colcon.colcon_core.package_discovery:discover_packages(ignore) check parameters
[2.175s] Level 1:colcon.colcon_core.package_discovery:discover_packages(path) check parameters
[2.175s] Level 1:colcon.colcon_core.package_discovery:discover_packages(colcon_meta) discover
[2.175s] Level 1:colcon.colcon_core.package_discovery:discover_packages(recursive) discover
[2.175s] INFO:colcon.colcon_core.package_discovery:Crawling recursively for packages in '/home/sumit/DroneShow/ds_ws'
[2.175s] Level 1:colcon.colcon_core.package_identification:_identify(.) by extensions ['ignore', 'ignore_ament_install']
[2.176s] Level 1:colcon.colcon_core.package_identification:_identify(.) by extension 'ignore'
[2.176s] Level 1:colcon.colcon_core.package_identification:_identify(.) by extension 'ignore_ament_install'
[2.176s] Level 1:colcon.colcon_core.package_identification:_identify(.) by extensions ['colcon_pkg']
[2.176s] Level 1:colcon.colcon_core.package_identification:_identify(.) by extension 'colcon_pkg'
[2.176s] Level 1:colcon.colcon_core.package_identification:_identify(.) by extensions ['colcon_meta']
[2.176s] Level 1:colcon.colcon_core.package_identification:_identify(.) by extension 'colcon_meta'
[2.176s] Level 1:colcon.colcon_core.package_identification:_identify(.) by extensions ['ros']
[2.176s] Level 1:colcon.colcon_core.package_identification:_identify(.) by extension 'ros'
[2.201s] Level 1:colcon.colcon_core.package_identification:_identify(.) by extensions ['cmake', 'python']
[2.201s] Level 1:colcon.colcon_core.package_identification:_identify(.) by extension 'cmake'
[2.201s] Level 1:colcon.colcon_core.package_identification:_identify(.) by extension 'python'
[2.201s] Level 1:colcon.colcon_core.package_identification:_identify(.) by extensions ['python_setup_py']
[2.201s] Level 1:colcon.colcon_core.package_identification:_identify(.) by extension 'python_setup_py'
[2.202s] Level 1:colcon.colcon_core.package_identification:_identify(build) by extensions ['ignore', 'ignore_ament_install']
[2.202s] Level 1:colcon.colcon_core.package_identification:_identify(build) by extension 'ignore'
[2.202s] Level 1:colcon.colcon_core.package_identification:_identify(build) ignored
[2.202s] Level 1:colcon.colcon_core.package_identification:_identify(install) by extensions ['ignore', 'ignore_ament_install']
[2.203s] Level 1:colcon.colcon_core.package_identification:_identify(install) by extension 'ignore'
[2.203s] Level 1:colcon.colcon_core.package_identification:_identify(install) ignored
[2.203s] Level 1:colcon.colcon_core.package_identification:_identify(log) by extensions ['ignore', 'ignore_ament_install']
[2.203s] Level 1:colcon.colcon_core.package_identification:_identify(log) by extension 'ignore'
[2.203s] Level 1:colcon.colcon_core.package_identification:_identify(log) ignored
[2.203s] Level 1:colcon.colcon_core.package_identification:_identify(src) by extensions ['ignore', 'ignore_ament_install']
[2.204s] Level 1:colcon.colcon_core.package_identification:_identify(src) by extension 'ignore'
[2.204s] Level 1:colcon.colcon_core.package_identification:_identify(src) by extension 'ignore_ament_install'
[2.204s] Level 1:colcon.colcon_core.package_identification:_identify(src) by extensions ['colcon_pkg']
[2.204s] Level 1:colcon.colcon_core.package_identification:_identify(src) by extension 'colcon_pkg'
[2.204s] Level 1:colcon.colcon_core.package_identification:_identify(src) by extensions ['colcon_meta']
[2.204s] Level 1:colcon.colcon_core.package_identification:_identify(src) by extension 'colcon_meta'
[2.204s] Level 1:colcon.colcon_core.package_identification:_identify(src) by extensions ['ros']
[2.204s] Level 1:colcon.colcon_core.package_identification:_identify(src) by extension 'ros'
[2.205s] Level 1:colcon.colcon_core.package_identification:_identify(src) by extensions ['cmake', 'python']
[2.205s] Level 1:colcon.colcon_core.package_identification:_identify(src) by extension 'cmake'
[2.205s] Level 1:colcon.colcon_core.package_identification:_identify(src) by extension 'python'
[2.205s] Level 1:colcon.colcon_core.package_identification:_identify(src) by extensions ['python_setup_py']
[2.205s] Level 1:colcon.colcon_core.package_identification:_identify(src) by extension 'python_setup_py'
[2.205s] Level 1:colcon.colcon_core.package_identification:_identify(src/DroneShow) by extensions ['ignore', 'ignore_ament_install']
[2.205s] Level 1:colcon.colcon_core.package_identification:_identify(src/DroneShow) by extension 'ignore'
[2.205s] Level 1:colcon.colcon_core.package_identification:_identify(src/DroneShow) by extension 'ignore_ament_install'
[2.206s] Level 1:colcon.colcon_core.package_identification:_identify(src/DroneShow) by extensions ['colcon_pkg']
[2.206s] Level 1:colcon.colcon_core.package_identification:_identify(src/DroneShow) by extension 'colcon_pkg'
[2.206s] Level 1:colcon.colcon_core.package_identification:_identify(src/DroneShow) by extensions ['colcon_meta']
[2.206s] Level 1:colcon.colcon_core.package_identification:_identify(src/DroneShow) by extension 'colcon_meta'
[2.206s] Level 1:colcon.colcon_core.package_identification:_identify(src/DroneShow) by extensions ['ros']
[2.206s] Level 1:colcon.colcon_core.package_identification:_identify(src/DroneShow) by extension 'ros'
[2.237s] DEBUG:colcon.colcon_core.package_identification:Package 'src/DroneShow' with type 'ros.ament_python' and name 'DroneShow'
[2.237s] Level 1:colcon.colcon_core.package_discovery:discover_packages(recursive) using defaults
[2.237s] Level 1:colcon.colcon_core.package_discovery:discover_packages(ignore) discover
[2.237s] Level 1:colcon.colcon_core.package_discovery:discover_packages(ignore) using defaults
[2.237s] Level 1:colcon.colcon_core.package_discovery:discover_packages(path) discover
[2.238s] Level 1:colcon.colcon_core.package_discovery:discover_packages(path) using defaults
[2.342s] Level 5:colcon.colcon_core.verb:set package 'DroneShow' build argument 'cmake_args' from command line to 'None'
[2.343s] Level 5:colcon.colcon_core.verb:set package 'DroneShow' build argument 'cmake_target' from command line to 'None'
[2.343s] Level 5:colcon.colcon_core.verb:set package 'DroneShow' build argument 'cmake_target_skip_unavailable' from command line to 'False'
[2.343s] Level 5:colcon.colcon_core.verb:set package 'DroneShow' build argument 'cmake_clean_cache' from command line to 'False'
[2.343s] Level 5:colcon.colcon_core.verb:set package 'DroneShow' build argument 'cmake_clean_first' from command line to 'False'
[2.343s] Level 5:colcon.colcon_core.verb:set package 'DroneShow' build argument 'cmake_force_configure' from command line to 'False'
[2.343s] Level 5:colcon.colcon_core.verb:set package 'DroneShow' build argument 'ament_cmake_args' from command line to 'None'
[2.343s] Level 5:colcon.colcon_core.verb:set package 'DroneShow' build argument 'catkin_cmake_args' from command line to 'None'
[2.343s] Level 5:colcon.colcon_core.verb:set package 'DroneShow' build argument 'catkin_skip_building_tests' from command line to 'False'
[2.343s] DEBUG:colcon.colcon_core.verb:Building package 'DroneShow' with the following arguments: {'ament_cmake_args': None, 'build_base': '/home/sumit/DroneShow/ds_ws/build/DroneShow', 'catkin_cmake_args': None, 'catkin_skip_building_tests': False, 'cmake_args': None, 'cmake_clean_cache': False, 'cmake_clean_first': False, 'cmake_force_configure': False, 'cmake_target': None, 'cmake_target_skip_unavailable': False, 'install_base': '/home/sumit/DroneShow/ds_ws/install/DroneShow', 'merge_install': False, 'path': '/home/sumit/DroneShow/ds_ws/src/DroneShow', 'symlink_install': False, 'test_result_base': None}
[2.344s] INFO:colcon.colcon_core.executor:Executing jobs using 'parallel' executor
[2.349s] DEBUG:colcon.colcon_parallel_executor.executor.parallel:run_until_complete
[2.350s] INFO:colcon.colcon_ros.task.ament_python.build:Building ROS package in '/home/sumit/DroneShow/ds_ws/src/DroneShow' with build type 'ament_python'
[2.350s] Level 1:colcon.colcon_core.shell:create_environment_hook('DroneShow', 'ament_prefix_path')
[2.443s] INFO:colcon.colcon_core.plugin_system:Skipping extension 'colcon_core.shell.bat': Not used on non-Windows systems
[2.444s] INFO:colcon.colcon_core.shell:Creating environment hook '/home/sumit/DroneShow/ds_ws/install/DroneShow/share/DroneShow/hook/ament_prefix_path.ps1'
[2.473s] INFO:colcon.colcon_core.shell:Creating environment descriptor '/home/sumit/DroneShow/ds_ws/install/DroneShow/share/DroneShow/hook/ament_prefix_path.dsv'
[2.484s] INFO:colcon.colcon_core.shell:Creating environment hook '/home/sumit/DroneShow/ds_ws/install/DroneShow/share/DroneShow/hook/ament_prefix_path.sh'
[2.487s] INFO:colcon.colcon_core.shell:Skip shell extension 'powershell' for command environment: Not usable outside of PowerShell
[2.487s] DEBUG:colcon.colcon_core.shell:Skip shell extension 'dsv' for command environment
[3.036s] INFO:colcon.colcon_core.task.python.build:Building Python package in '/home/sumit/DroneShow/ds_ws/src/DroneShow'
[3.040s] INFO:colcon.colcon_core.shell:Skip shell extension 'powershell' for command environment: Not usable outside of PowerShell
[3.040s] DEBUG:colcon.colcon_core.shell:Skip shell extension 'dsv' for command environment
[3.062s] DEBUG:colcon.colcon_core.event_handler.log_command:Invoking command in '/home/sumit/DroneShow/ds_ws/src/DroneShow': PYTHONPATH=/home/sumit/DroneShow/ds_ws/install/DroneShow/lib/python3.8/site-packages: /usr/bin/python3 setup.py egg_info --egg-base ../../build/DroneShow build --build-base /home/sumit/DroneShow/ds_ws/build/DroneShow/build install --prefix /home/sumit/DroneShow/ds_ws/install/DroneShow --record /home/sumit/DroneShow/ds_ws/build/DroneShow/install.log --single-version-externally-managed
[4.048s] DEBUG:colcon.colcon_core.event_handler.log_command:Invoked command in '/home/sumit/DroneShow/ds_ws/src/DroneShow' returned '0': PYTHONPATH=/home/sumit/DroneShow/ds_ws/install/DroneShow/lib/python3.8/site-packages: /usr/bin/python3 setup.py egg_info --egg-base ../../build/DroneShow build --build-base /home/sumit/DroneShow/ds_ws/build/DroneShow/build install --prefix /home/sumit/DroneShow/ds_ws/install/DroneShow --record /home/sumit/DroneShow/ds_ws/build/DroneShow/install.log --single-version-externally-managed
[4.139s] Level 1:colcon.colcon_core.environment:checking '/home/sumit/DroneShow/ds_ws/install/DroneShow' for CMake module files
[4.141s] Level 1:colcon.colcon_core.environment:checking '/home/sumit/DroneShow/ds_ws/install/DroneShow' for CMake config files
[4.145s] Level 1:colcon.colcon_core.environment:checking '/home/sumit/DroneShow/ds_ws/install/DroneShow/lib'
[4.146s] Level 1:colcon.colcon_core.environment:checking '/home/sumit/DroneShow/ds_ws/install/DroneShow/bin'
[4.146s] Level 1:colcon.colcon_core.environment:checking '/home/sumit/DroneShow/ds_ws/install/DroneShow/lib/pkgconfig/DroneShow.pc'
[4.146s] Level 1:colcon.colcon_core.environment:checking '/home/sumit/DroneShow/ds_ws/install/DroneShow/lib/python3.8/site-packages'
[4.146s] Level 1:colcon.colcon_core.shell:create_environment_hook('DroneShow', 'pythonpath')
[4.148s] INFO:colcon.colcon_core.shell:Creating environment hook '/home/sumit/DroneShow/ds_ws/install/DroneShow/share/DroneShow/hook/pythonpath.ps1'
[4.149s] INFO:colcon.colcon_core.shell:Creating environment descriptor '/home/sumit/DroneShow/ds_ws/install/DroneShow/share/DroneShow/hook/pythonpath.dsv'
[4.149s] INFO:colcon.colcon_core.shell:Creating environment hook '/home/sumit/DroneShow/ds_ws/install/DroneShow/share/DroneShow/hook/pythonpath.sh'
[4.150s] Level 1:colcon.colcon_core.environment:create_environment_scripts_only(DroneShow)
[4.151s] INFO:colcon.colcon_core.shell:Creating package script '/home/sumit/DroneShow/ds_ws/install/DroneShow/share/DroneShow/package.ps1'
[4.170s] INFO:colcon.colcon_core.shell:Creating package descriptor '/home/sumit/DroneShow/ds_ws/install/DroneShow/share/DroneShow/package.dsv'
[4.183s] INFO:colcon.colcon_core.shell:Creating package script '/home/sumit/DroneShow/ds_ws/install/DroneShow/share/DroneShow/package.sh'
[4.186s] INFO:colcon.colcon_core.shell:Creating package script '/home/sumit/DroneShow/ds_ws/install/DroneShow/share/DroneShow/package.bash'
[4.203s] INFO:colcon.colcon_core.shell:Creating package script '/home/sumit/DroneShow/ds_ws/install/DroneShow/share/DroneShow/package.zsh'
[4.224s] Level 1:colcon.colcon_core.environment:create_file_with_runtime_dependencies(/home/sumit/DroneShow/ds_ws/install/DroneShow/share/colcon-core/packages/DroneShow)
[4.225s] DEBUG:colcon.colcon_parallel_executor.executor.parallel:closing loop
[4.226s] DEBUG:colcon.colcon_parallel_executor.executor.parallel:loop closed
[4.227s] DEBUG:colcon.colcon_parallel_executor.executor.parallel:run_until_complete finished with '0'
[4.227s] DEBUG:colcon.colcon_core.event_reactor:joining thread
[4.276s] INFO:colcon.colcon_core.plugin_system:Skipping extension 'colcon_notification.desktop_notification.terminal_notifier': Not used on non-Darwin systems
[4.277s] INFO:colcon.colcon_core.plugin_system:Skipping extension 'colcon_notification.desktop_notification.win32': Not used on non-Windows systems
[4.277s] INFO:colcon.colcon_notification.desktop_notification:Sending desktop notification using 'notify2'
[4.322s] DEBUG:colcon.colcon_core.event_reactor:joined thread
[4.325s] INFO:colcon.colcon_core.shell:Creating prefix script '/home/sumit/DroneShow/ds_ws/install/local_setup.ps1'
[4.328s] INFO:colcon.colcon_core.shell:Creating prefix util module '/home/sumit/DroneShow/ds_ws/install/_local_setup_util_ps1.py'
[4.331s] INFO:colcon.colcon_core.shell:Creating prefix chain script '/home/sumit/DroneShow/ds_ws/install/setup.ps1'
[4.337s] INFO:colcon.colcon_core.shell:Creating prefix script '/home/sumit/DroneShow/ds_ws/install/local_setup.sh'
[4.344s] INFO:colcon.colcon_core.shell:Creating prefix util module '/home/sumit/DroneShow/ds_ws/install/_local_setup_util_sh.py'
[4.345s] INFO:colcon.colcon_core.shell:Creating prefix chain script '/home/sumit/DroneShow/ds_ws/install/setup.sh'
[4.350s] INFO:colcon.colcon_core.shell:Creating prefix script '/home/sumit/DroneShow/ds_ws/install/local_setup.bash'
[4.352s] INFO:colcon.colcon_core.shell:Creating prefix chain script '/home/sumit/DroneShow/ds_ws/install/setup.bash'
[4.357s] INFO:colcon.colcon_core.shell:Creating prefix script '/home/sumit/DroneShow/ds_ws/install/local_setup.zsh'
[4.358s] INFO:colcon.colcon_core.shell:Creating prefix chain script '/home/sumit/DroneShow/ds_ws/install/setup.zsh'
