running egg_info
writing ../../build/DroneShow/DroneShow.egg-info/PKG-INFO
writing dependency_links to ../../build/DroneShow/DroneShow.egg-info/dependency_links.txt
writing entry points to ../../build/DroneShow/DroneShow.egg-info/entry_points.txt
writing requirements to ../../build/DroneShow/DroneShow.egg-info/requires.txt
writing top-level names to ../../build/DroneShow/DroneShow.egg-info/top_level.txt
reading manifest file '../../build/DroneShow/DroneShow.egg-info/SOURCES.txt'
writing manifest file '../../build/DroneShow/DroneShow.egg-info/SOURCES.txt'
running build
running build_py
copying DroneShow/DroneShow.py -> /home/sumit/DroneShow/ds_ws/build/DroneShow/build/lib/DroneShow
running install
running install_lib
copying /home/sumit/DroneShow/ds_ws/build/DroneShow/build/lib/DroneShow/DroneShow.py -> /home/sumit/DroneShow/ds_ws/install/DroneShow/lib/python3.8/site-packages/DroneShow
byte-compiling /home/sumit/DroneShow/ds_ws/install/DroneShow/lib/python3.8/site-packages/DroneShow/DroneShow.py to DroneShow.cpython-38.pyc
running install_data
running install_egg_info
removing '/home/sumit/DroneShow/ds_ws/install/DroneShow/lib/python3.8/site-packages/DroneShow-0.0.0-py3.8.egg-info' (and everything under it)
Copying ../../build/DroneShow/DroneShow.egg-info to /home/sumit/DroneShow/ds_ws/install/DroneShow/lib/python3.8/site-packages/DroneShow-0.0.0-py3.8.egg-info
running install_scripts
Installing DroneShow script to /home/sumit/DroneShow/ds_ws/install/DroneShow/lib/DroneShow
writing list of installed files to '/home/sumit/DroneShow/ds_ws/build/DroneShow/install.log'
